<?xml version="1.0" encoding="UTF-8"?>
<!-- Generated by org.testng.reporters.JUnitReportReporter -->
<testsuite name="com.pm.api.logout" tests="2" time="9.632" ignored="0" failures="0" timestamp="28 Sep 2018 11:10:31 GMT" skipped="0" hostname="IN-L1791" errors="0">
  <testcase name="logoutAPI_ResponseChecking" time="7.518" classname="com.pm.api.logout"/>
  <testcase name="logoutAPI_WrongToken_ResponseCode401" time="2.114" classname="com.pm.api.logout"/>
</testsuite> <!-- com.pm.api.logout -->
