<?xml version="1.0" encoding="UTF-8"?>
<!-- Generated by org.testng.reporters.JUnitReportReporter -->
<testsuite name="com.pm.api.login" tests="3" time="7.729" ignored="0" failures="0" timestamp="28 Sep 2018 11:10:31 GMT" skipped="0" hostname="IN-L1791" errors="0">
  <testcase name="loginAPI_ResponseVerification_token_id_email" time="3.817" classname="com.pm.api.login"/>
  <testcase name="loginAPI_ResponseChecking" time="3.056" classname="com.pm.api.login"/>
  <testcase name="loginAPI_ErrorInDatas_ResponseCode400" time="0.856" classname="com.pm.api.login"/>
</testsuite> <!-- com.pm.api.login -->
